---------------------------------------------------------------
[ 2019-05-10T11:11:51+08:00 ] 0.0.0.0 GET localhost/work/minshop/public/
[运行时间：0.014963s] [吞吐率：66.83req/s] [内存消耗：249.42kb] [文件加载：44]
[ info ] [ LANG ] C:\wamp64\www\work\minshop\thinkphp\lang\zh-cn.php
[ info ] [ ROUTE ] array (
  'type' => 'module',
  'module' => 
  array (
    0 => '',
    1 => NULL,
    2 => NULL,
  ),
)
[ info ] [ HEADER ] array (
  'host' => 'localhost',
  'connection' => 'keep-alive',
  'upgrade-insecure-requests' => '1',
  'user-agent' => 'Mozilla/5.0 (Windows NT 10.0; WOW64) AppleWebKit/537.36 (KHTML, like Gecko) Chrome/74.0.3729.131 Safari/537.36',
  'accept' => 'text/html,application/xhtml+xml,application/xml;q=0.9,image/webp,image/apng,*/*;q=0.8,application/signed-exchange;v=b3',
  'referer' => 'http://localhost/work/minshop/',
  'accept-encoding' => 'gzip, deflate, br',
  'accept-language' => 'zh-CN,zh;q=0.9',
  'cookie' => 'thinkphp_show_page_trace=0|0; PHPSESSID=782ou76lc583j9euosm9glhqau',
)
[ info ] [ PARAM ] array (
)
[ info ] [ RUN ] app\index\controller\Login->login[ C:\wamp64\www\work\minshop\application\index\controller\Login.php ]
[ info ] [ SESSION ] INIT array (
  'id' => '',
  'var_session_id' => '',
  'prefix' => 'think',
  'type' => '',
  'auto_start' => true,
)
[ info ] [ LOG ] INIT File
---------------------------------------------------------------
[ 2019-05-10T11:11:51+08:00 ] 0.0.0.0 GET localhost/work/minshop/public/index/index/index.html
[运行时间：0.013234s] [吞吐率：75.56req/s] [内存消耗：235.67kb] [文件加载：46]
[ info ] [ LANG ] C:\wamp64\www\work\minshop\thinkphp\lang\zh-cn.php
[ info ] [ ROUTE ] array (
  'type' => 'module',
  'module' => 
  array (
    0 => 'index',
    1 => 'index',
    2 => 'index',
  ),
)
[ info ] [ HEADER ] array (
  'host' => 'localhost',
  'connection' => 'keep-alive',
  'upgrade-insecure-requests' => '1',
  'user-agent' => 'Mozilla/5.0 (Windows NT 10.0; WOW64) AppleWebKit/537.36 (KHTML, like Gecko) Chrome/74.0.3729.131 Safari/537.36',
  'accept' => 'text/html,application/xhtml+xml,application/xml;q=0.9,image/webp,image/apng,*/*;q=0.8,application/signed-exchange;v=b3',
  'referer' => 'http://localhost/work/minshop/',
  'accept-encoding' => 'gzip, deflate, br',
  'accept-language' => 'zh-CN,zh;q=0.9',
  'cookie' => 'thinkphp_show_page_trace=0|1; thinkphp_show_page_trace=0|0; PHPSESSID=782ou76lc583j9euosm9glhqau',
)
[ info ] [ PARAM ] array (
)
[ info ] [ SESSION ] INIT array (
  'id' => '',
  'var_session_id' => '',
  'prefix' => 'think',
  'type' => '',
  'auto_start' => true,
)
[ info ] [ RUN ] app\index\controller\Index->index[ C:\wamp64\www\work\minshop\application\index\controller\Index.php ]
[ info ] [ LOG ] INIT File
[ error ] [0]variable type error： object[C:\wamp64\www\work\minshop\thinkphp\library\think\Response.php:316]
---------------------------------------------------------------
[ 2019-05-10T11:12:30+08:00 ] 0.0.0.0 GET localhost/work/minshop/public/index/index/index.html
[运行时间：0.017586s] [吞吐率：56.86req/s] [内存消耗：235.75kb] [文件加载：46]
[ info ] [ LANG ] C:\wamp64\www\work\minshop\thinkphp\lang\zh-cn.php
[ info ] [ ROUTE ] array (
  'type' => 'module',
  'module' => 
  array (
    0 => 'index',
    1 => 'index',
    2 => 'index',
  ),
)
[ info ] [ HEADER ] array (
  'host' => 'localhost',
  'connection' => 'keep-alive',
  'cache-control' => 'max-age=0',
  'upgrade-insecure-requests' => '1',
  'user-agent' => 'Mozilla/5.0 (Windows NT 10.0; WOW64) AppleWebKit/537.36 (KHTML, like Gecko) Chrome/74.0.3729.131 Safari/537.36',
  'accept' => 'text/html,application/xhtml+xml,application/xml;q=0.9,image/webp,image/apng,*/*;q=0.8,application/signed-exchange;v=b3',
  'referer' => 'http://localhost/work/minshop/',
  'accept-encoding' => 'gzip, deflate, br',
  'accept-language' => 'zh-CN,zh;q=0.9',
  'cookie' => 'thinkphp_show_page_trace=0|1; thinkphp_show_page_trace=0|0; PHPSESSID=782ou76lc583j9euosm9glhqau',
)
[ info ] [ PARAM ] array (
)
[ info ] [ SESSION ] INIT array (
  'id' => '',
  'var_session_id' => '',
  'prefix' => 'think',
  'type' => '',
  'auto_start' => true,
)
[ info ] [ RUN ] app\index\controller\Index->index[ C:\wamp64\www\work\minshop\application\index\controller\Index.php ]
[ info ] [ LOG ] INIT File
[ error ] [0]variable type error： object[C:\wamp64\www\work\minshop\thinkphp\library\think\Response.php:316]
---------------------------------------------------------------
[ 2019-05-10T11:13:19+08:00 ] 0.0.0.0 GET localhost/work/minshop/public/index/index/index.html
[运行时间：0.200373s] [吞吐率：4.99req/s] [内存消耗：337.05kb] [文件加载：48]
[ info ] [ LANG ] C:\wamp64\www\work\minshop\thinkphp\lang\zh-cn.php
[ info ] [ ROUTE ] array (
  'type' => 'module',
  'module' => 
  array (
    0 => 'index',
    1 => 'index',
    2 => 'index',
  ),
)
[ info ] [ HEADER ] array (
  'host' => 'localhost',
  'connection' => 'keep-alive',
  'cache-control' => 'max-age=0',
  'upgrade-insecure-requests' => '1',
  'user-agent' => 'Mozilla/5.0 (Windows NT 10.0; WOW64) AppleWebKit/537.36 (KHTML, like Gecko) Chrome/74.0.3729.131 Safari/537.36',
  'accept' => 'text/html,application/xhtml+xml,application/xml;q=0.9,image/webp,image/apng,*/*;q=0.8,application/signed-exchange;v=b3',
  'referer' => 'http://localhost/work/minshop/',
  'accept-encoding' => 'gzip, deflate, br',
  'accept-language' => 'zh-CN,zh;q=0.9',
  'cookie' => 'thinkphp_show_page_trace=0|1; thinkphp_show_page_trace=0|0; PHPSESSID=782ou76lc583j9euosm9glhqau',
)
[ info ] [ PARAM ] array (
)
[ info ] [ SESSION ] INIT array (
  'id' => '',
  'var_session_id' => '',
  'prefix' => 'think',
  'type' => '',
  'auto_start' => true,
)
[ info ] [ RUN ] app\index\controller\Index->index[ C:\wamp64\www\work\minshop\application\index\controller\Index.php ]
[ info ] [ VIEW ] C:\wamp64\www\work\minshop\public/../application/index\view\index\index.html [ array (
  0 => 'username',
) ]
[ info ] [ LOG ] INIT File
---------------------------------------------------------------
[ 2019-05-10T11:13:47+08:00 ] 0.0.0.0 GET localhost/work/minshop/public/index/index/index.html
[运行时间：0.013590s] [吞吐率：73.58req/s] [内存消耗：283.94kb] [文件加载：46]
[ info ] [ LANG ] C:\wamp64\www\work\minshop\thinkphp\lang\zh-cn.php
[ info ] [ ROUTE ] array (
  'type' => 'module',
  'module' => 
  array (
    0 => 'index',
    1 => 'index',
    2 => 'index',
  ),
)
[ info ] [ HEADER ] array (
  'host' => 'localhost',
  'connection' => 'keep-alive',
  'cache-control' => 'max-age=0',
  'upgrade-insecure-requests' => '1',
  'user-agent' => 'Mozilla/5.0 (Windows NT 10.0; WOW64) AppleWebKit/537.36 (KHTML, like Gecko) Chrome/74.0.3729.131 Safari/537.36',
  'accept' => 'text/html,application/xhtml+xml,application/xml;q=0.9,image/webp,image/apng,*/*;q=0.8,application/signed-exchange;v=b3',
  'referer' => 'http://localhost/work/minshop/',
  'accept-encoding' => 'gzip, deflate, br',
  'accept-language' => 'zh-CN,zh;q=0.9',
  'cookie' => 'thinkphp_show_page_trace=0|1; thinkphp_show_page_trace=0|0; PHPSESSID=782ou76lc583j9euosm9glhqau',
)
[ info ] [ PARAM ] array (
)
[ info ] [ SESSION ] INIT array (
  'id' => '',
  'var_session_id' => '',
  'prefix' => 'think',
  'type' => '',
  'auto_start' => true,
)
[ info ] [ RUN ] app\index\controller\Index->index[ C:\wamp64\www\work\minshop\application\index\controller\Index.php ]
[ info ] [ VIEW ] C:\wamp64\www\work\minshop\public/../application/index\view\index\index.html [ array (
  0 => 'username',
) ]
[ info ] [ LOG ] INIT File
---------------------------------------------------------------
[ 2019-05-10T11:15:01+08:00 ] 0.0.0.0 GET localhost/work/minshop/public/index/index/index.html
[运行时间：0.031139s] [吞吐率：32.11req/s] [内存消耗：336.06kb] [文件加载：48]
[ info ] [ LANG ] C:\wamp64\www\work\minshop\thinkphp\lang\zh-cn.php
[ info ] [ ROUTE ] array (
  'type' => 'module',
  'module' => 
  array (
    0 => 'index',
    1 => 'index',
    2 => 'index',
  ),
)
[ info ] [ HEADER ] array (
  'host' => 'localhost',
  'connection' => 'keep-alive',
  'cache-control' => 'max-age=0',
  'upgrade-insecure-requests' => '1',
  'user-agent' => 'Mozilla/5.0 (Windows NT 10.0; WOW64) AppleWebKit/537.36 (KHTML, like Gecko) Chrome/74.0.3729.131 Safari/537.36',
  'accept' => 'text/html,application/xhtml+xml,application/xml;q=0.9,image/webp,image/apng,*/*;q=0.8,application/signed-exchange;v=b3',
  'referer' => 'http://localhost/work/minshop/',
  'accept-encoding' => 'gzip, deflate, br',
  'accept-language' => 'zh-CN,zh;q=0.9',
  'cookie' => 'thinkphp_show_page_trace=0|1; thinkphp_show_page_trace=0|0; PHPSESSID=782ou76lc583j9euosm9glhqau',
)
[ info ] [ PARAM ] array (
)
[ info ] [ SESSION ] INIT array (
  'id' => '',
  'var_session_id' => '',
  'prefix' => 'think',
  'type' => '',
  'auto_start' => true,
)
[ info ] [ RUN ] app\index\controller\Index->index[ C:\wamp64\www\work\minshop\application\index\controller\Index.php ]
[ info ] [ VIEW ] C:\wamp64\www\work\minshop\public/../application/index\view\index\index.html [ array (
  0 => 'username',
) ]
[ info ] [ LOG ] INIT File
---------------------------------------------------------------
[ 2019-05-10T11:20:32+08:00 ] 0.0.0.0 GET localhost/work/minshop/public/index/index/index.html
[运行时间：0.114074s] [吞吐率：8.77req/s] [内存消耗：241.75kb] [文件加载：50]
[ info ] [ LANG ] C:\wamp64\www\work\minshop\thinkphp\lang\zh-cn.php
[ info ] [ ROUTE ] array (
  'type' => 'module',
  'module' => 
  array (
    0 => 'index',
    1 => 'index',
    2 => 'index',
  ),
)
[ info ] [ HEADER ] array (
  'host' => 'localhost',
  'connection' => 'keep-alive',
  'cache-control' => 'max-age=0',
  'upgrade-insecure-requests' => '1',
  'user-agent' => 'Mozilla/5.0 (Windows NT 10.0; WOW64) AppleWebKit/537.36 (KHTML, like Gecko) Chrome/74.0.3729.131 Safari/537.36',
  'accept' => 'text/html,application/xhtml+xml,application/xml;q=0.9,image/webp,image/apng,*/*;q=0.8,application/signed-exchange;v=b3',
  'referer' => 'http://localhost/work/minshop/',
  'accept-encoding' => 'gzip, deflate, br',
  'accept-language' => 'zh-CN,zh;q=0.9',
  'cookie' => 'thinkphp_show_page_trace=0|1; thinkphp_show_page_trace=0|0; PHPSESSID=782ou76lc583j9euosm9glhqau',
)
[ info ] [ PARAM ] array (
)
[ info ] [ SESSION ] INIT array (
  'id' => '',
  'var_session_id' => '',
  'prefix' => 'think',
  'type' => '',
  'auto_start' => true,
)
[ info ] [ RUN ] app\index\controller\Index->index[ C:\wamp64\www\work\minshop\application\index\controller\Index.php ]
[ info ] [ VIEW ] C:\wamp64\www\work\minshop\public/../application/index\view\index\index.html [ array (
  0 => 'user',
) ]
[ info ] [ LOG ] INIT File
[ error ] [8]未定义变量: username[C:\wamp64\www\work\minshop\runtime\temp\bee7e1c2f72892644c7bd98dadbde1bc.php:120]
---------------------------------------------------------------
[ 2019-05-10T11:20:47+08:00 ] 0.0.0.0 GET localhost/work/minshop/public/index/index/index.html
[运行时间：0.061733s] [吞吐率：16.20req/s] [内存消耗：294.27kb] [文件加载：52]
[ info ] [ LANG ] C:\wamp64\www\work\minshop\thinkphp\lang\zh-cn.php
[ info ] [ ROUTE ] array (
  'type' => 'module',
  'module' => 
  array (
    0 => 'index',
    1 => 'index',
    2 => 'index',
  ),
)
[ info ] [ HEADER ] array (
  'host' => 'localhost',
  'connection' => 'keep-alive',
  'cache-control' => 'max-age=0',
  'upgrade-insecure-requests' => '1',
  'user-agent' => 'Mozilla/5.0 (Windows NT 10.0; WOW64) AppleWebKit/537.36 (KHTML, like Gecko) Chrome/74.0.3729.131 Safari/537.36',
  'accept' => 'text/html,application/xhtml+xml,application/xml;q=0.9,image/webp,image/apng,*/*;q=0.8,application/signed-exchange;v=b3',
  'referer' => 'http://localhost/work/minshop/',
  'accept-encoding' => 'gzip, deflate, br',
  'accept-language' => 'zh-CN,zh;q=0.9',
  'cookie' => 'thinkphp_show_page_trace=0|1; thinkphp_show_page_trace=0|0; PHPSESSID=782ou76lc583j9euosm9glhqau',
)
[ info ] [ PARAM ] array (
)
[ info ] [ SESSION ] INIT array (
  'id' => '',
  'var_session_id' => '',
  'prefix' => 'think',
  'type' => '',
  'auto_start' => true,
)
[ info ] [ RUN ] app\index\controller\Index->index[ C:\wamp64\www\work\minshop\application\index\controller\Index.php ]
[ info ] [ VIEW ] C:\wamp64\www\work\minshop\public/../application/index\view\index\index.html [ array (
  0 => 'user',
) ]
[ info ] [ LOG ] INIT File
[ error ] [8]Trying to get property 'name' of non-object[C:\wamp64\www\work\minshop\runtime\temp\bee7e1c2f72892644c7bd98dadbde1bc.php:120]
---------------------------------------------------------------
[ 2019-05-10T11:21:08+08:00 ] 0.0.0.0 GET localhost/work/minshop/public/index/index/index.html
[运行时间：0.033293s] [吞吐率：30.04req/s] [内存消耗：292.89kb] [文件加载：52]
[ info ] [ LANG ] C:\wamp64\www\work\minshop\thinkphp\lang\zh-cn.php
[ info ] [ ROUTE ] array (
  'type' => 'module',
  'module' => 
  array (
    0 => 'index',
    1 => 'index',
    2 => 'index',
  ),
)
[ info ] [ HEADER ] array (
  'host' => 'localhost',
  'connection' => 'keep-alive',
  'cache-control' => 'max-age=0',
  'upgrade-insecure-requests' => '1',
  'user-agent' => 'Mozilla/5.0 (Windows NT 10.0; WOW64) AppleWebKit/537.36 (KHTML, like Gecko) Chrome/74.0.3729.131 Safari/537.36',
  'accept' => 'text/html,application/xhtml+xml,application/xml;q=0.9,image/webp,image/apng,*/*;q=0.8,application/signed-exchange;v=b3',
  'referer' => 'http://localhost/work/minshop/',
  'accept-encoding' => 'gzip, deflate, br',
  'accept-language' => 'zh-CN,zh;q=0.9',
  'cookie' => 'thinkphp_show_page_trace=0|1; thinkphp_show_page_trace=0|0; PHPSESSID=782ou76lc583j9euosm9glhqau',
)
[ info ] [ PARAM ] array (
)
[ info ] [ SESSION ] INIT array (
  'id' => '',
  'var_session_id' => '',
  'prefix' => 'think',
  'type' => '',
  'auto_start' => true,
)
[ info ] [ RUN ] app\index\controller\Index->index[ C:\wamp64\www\work\minshop\application\index\controller\Index.php ]
[ info ] [ VIEW ] C:\wamp64\www\work\minshop\public/../application/index\view\index\index.html [ array (
  0 => 'user',
) ]
[ info ] [ LOG ] INIT File
[ error ] [8]Array to string conversion[C:\wamp64\www\work\minshop\runtime\temp\bee7e1c2f72892644c7bd98dadbde1bc.php:120]
---------------------------------------------------------------
[ 2019-05-10T11:21:19+08:00 ] 0.0.0.0 GET localhost/work/minshop/public/index/index/index.html
[运行时间：0.026528s] [吞吐率：37.70req/s] [内存消耗：293.42kb] [文件加载：52]
[ info ] [ LANG ] C:\wamp64\www\work\minshop\thinkphp\lang\zh-cn.php
[ info ] [ ROUTE ] array (
  'type' => 'module',
  'module' => 
  array (
    0 => 'index',
    1 => 'index',
    2 => 'index',
  ),
)
[ info ] [ HEADER ] array (
  'host' => 'localhost',
  'connection' => 'keep-alive',
  'cache-control' => 'max-age=0',
  'upgrade-insecure-requests' => '1',
  'user-agent' => 'Mozilla/5.0 (Windows NT 10.0; WOW64) AppleWebKit/537.36 (KHTML, like Gecko) Chrome/74.0.3729.131 Safari/537.36',
  'accept' => 'text/html,application/xhtml+xml,application/xml;q=0.9,image/webp,image/apng,*/*;q=0.8,application/signed-exchange;v=b3',
  'referer' => 'http://localhost/work/minshop/',
  'accept-encoding' => 'gzip, deflate, br',
  'accept-language' => 'zh-CN,zh;q=0.9',
  'cookie' => 'thinkphp_show_page_trace=0|1; thinkphp_show_page_trace=0|0; PHPSESSID=782ou76lc583j9euosm9glhqau',
)
[ info ] [ PARAM ] array (
)
[ info ] [ SESSION ] INIT array (
  'id' => '',
  'var_session_id' => '',
  'prefix' => 'think',
  'type' => '',
  'auto_start' => true,
)
[ info ] [ RUN ] app\index\controller\Index->index[ C:\wamp64\www\work\minshop\application\index\controller\Index.php ]
[ info ] [ VIEW ] C:\wamp64\www\work\minshop\public/../application/index\view\index\index.html [ array (
  0 => 'user',
) ]
[ info ] [ LOG ] INIT File
[ error ] [8]Trying to get property 'name' of non-object[C:\wamp64\www\work\minshop\runtime\temp\bee7e1c2f72892644c7bd98dadbde1bc.php:120]
---------------------------------------------------------------
[ 2019-05-10T11:22:18+08:00 ] 0.0.0.0 GET localhost/work/minshop/public/index/index/index.html
[运行时间：0.016563s] [吞吐率：60.37req/s] [内存消耗：240.89kb] [文件加载：50]
[ info ] [ LANG ] C:\wamp64\www\work\minshop\thinkphp\lang\zh-cn.php
[ info ] [ ROUTE ] array (
  'type' => 'module',
  'module' => 
  array (
    0 => 'index',
    1 => 'index',
    2 => 'index',
  ),
)
[ info ] [ HEADER ] array (
  'host' => 'localhost',
  'connection' => 'keep-alive',
  'cache-control' => 'max-age=0',
  'upgrade-insecure-requests' => '1',
  'user-agent' => 'Mozilla/5.0 (Windows NT 10.0; WOW64) AppleWebKit/537.36 (KHTML, like Gecko) Chrome/74.0.3729.131 Safari/537.36',
  'accept' => 'text/html,application/xhtml+xml,application/xml;q=0.9,image/webp,image/apng,*/*;q=0.8,application/signed-exchange;v=b3',
  'referer' => 'http://localhost/work/minshop/',
  'accept-encoding' => 'gzip, deflate, br',
  'accept-language' => 'zh-CN,zh;q=0.9',
  'cookie' => 'thinkphp_show_page_trace=0|1; thinkphp_show_page_trace=0|0; PHPSESSID=782ou76lc583j9euosm9glhqau',
)
[ info ] [ PARAM ] array (
)
[ info ] [ SESSION ] INIT array (
  'id' => '',
  'var_session_id' => '',
  'prefix' => 'think',
  'type' => '',
  'auto_start' => true,
)
[ info ] [ RUN ] app\index\controller\Index->index[ C:\wamp64\www\work\minshop\application\index\controller\Index.php ]
[ info ] [ VIEW ] C:\wamp64\www\work\minshop\public/../application/index\view\index\index.html [ array (
) ]
[ info ] [ LOG ] INIT File
[ error ] [8]未定义变量: user[C:\wamp64\www\work\minshop\runtime\temp\bee7e1c2f72892644c7bd98dadbde1bc.php:120]
---------------------------------------------------------------
[ 2019-05-10T11:22:40+08:00 ] 0.0.0.0 GET localhost/work/minshop/public/index/index/index.html
[运行时间：0.031781s] [吞吐率：31.47req/s] [内存消耗：293.58kb] [文件加载：52]
[ info ] [ LANG ] C:\wamp64\www\work\minshop\thinkphp\lang\zh-cn.php
[ info ] [ ROUTE ] array (
  'type' => 'module',
  'module' => 
  array (
    0 => 'index',
    1 => 'index',
    2 => 'index',
  ),
)
[ info ] [ HEADER ] array (
  'host' => 'localhost',
  'connection' => 'keep-alive',
  'cache-control' => 'max-age=0',
  'upgrade-insecure-requests' => '1',
  'user-agent' => 'Mozilla/5.0 (Windows NT 10.0; WOW64) AppleWebKit/537.36 (KHTML, like Gecko) Chrome/74.0.3729.131 Safari/537.36',
  'accept' => 'text/html,application/xhtml+xml,application/xml;q=0.9,image/webp,image/apng,*/*;q=0.8,application/signed-exchange;v=b3',
  'referer' => 'http://localhost/work/minshop/',
  'accept-encoding' => 'gzip, deflate, br',
  'accept-language' => 'zh-CN,zh;q=0.9',
  'cookie' => 'thinkphp_show_page_trace=0|1; thinkphp_show_page_trace=0|0; PHPSESSID=782ou76lc583j9euosm9glhqau',
)
[ info ] [ PARAM ] array (
)
[ info ] [ SESSION ] INIT array (
  'id' => '',
  'var_session_id' => '',
  'prefix' => 'think',
  'type' => '',
  'auto_start' => true,
)
[ info ] [ RUN ] app\index\controller\Index->index[ C:\wamp64\www\work\minshop\application\index\controller\Index.php ]
[ info ] [ VIEW ] C:\wamp64\www\work\minshop\public/../application/index\view\index\index.html [ array (
) ]
[ info ] [ LOG ] INIT File
[ error ] [8]未定义变量: user[C:\wamp64\www\work\minshop\runtime\temp\bee7e1c2f72892644c7bd98dadbde1bc.php:120]
---------------------------------------------------------------
[ 2019-05-10T11:22:57+08:00 ] 0.0.0.0 GET localhost/work/minshop/public/
[运行时间：0.012385s] [吞吐率：80.74req/s] [内存消耗：249.40kb] [文件加载：44]
[ info ] [ LANG ] C:\wamp64\www\work\minshop\thinkphp\lang\zh-cn.php
[ info ] [ ROUTE ] array (
  'type' => 'module',
  'module' => 
  array (
    0 => '',
    1 => NULL,
    2 => NULL,
  ),
)
[ info ] [ HEADER ] array (
  'host' => 'localhost',
  'connection' => 'keep-alive',
  'upgrade-insecure-requests' => '1',
  'user-agent' => 'Mozilla/5.0 (Windows NT 10.0; WOW64) AppleWebKit/537.36 (KHTML, like Gecko) Chrome/74.0.3729.131 Safari/537.36',
  'accept' => 'text/html,application/xhtml+xml,application/xml;q=0.9,image/webp,image/apng,*/*;q=0.8,application/signed-exchange;v=b3',
  'referer' => 'http://localhost/work/minshop/',
  'accept-encoding' => 'gzip, deflate, br',
  'accept-language' => 'zh-CN,zh;q=0.9',
  'cookie' => 'thinkphp_show_page_trace=0|0; PHPSESSID=782ou76lc583j9euosm9glhqau',
)
[ info ] [ PARAM ] array (
)
[ info ] [ RUN ] app\index\controller\Login->login[ C:\wamp64\www\work\minshop\application\index\controller\Login.php ]
[ info ] [ SESSION ] INIT array (
  'id' => '',
  'var_session_id' => '',
  'prefix' => 'think',
  'type' => '',
  'auto_start' => true,
)
[ info ] [ LOG ] INIT File
---------------------------------------------------------------
[ 2019-05-10T11:22:57+08:00 ] 0.0.0.0 GET localhost/work/minshop/public/index/index/index.html
[运行时间：0.015284s] [吞吐率：65.43req/s] [内存消耗：240.53kb] [文件加载：50]
[ info ] [ LANG ] C:\wamp64\www\work\minshop\thinkphp\lang\zh-cn.php
[ info ] [ ROUTE ] array (
  'type' => 'module',
  'module' => 
  array (
    0 => 'index',
    1 => 'index',
    2 => 'index',
  ),
)
[ info ] [ HEADER ] array (
  'host' => 'localhost',
  'connection' => 'keep-alive',
  'upgrade-insecure-requests' => '1',
  'user-agent' => 'Mozilla/5.0 (Windows NT 10.0; WOW64) AppleWebKit/537.36 (KHTML, like Gecko) Chrome/74.0.3729.131 Safari/537.36',
  'accept' => 'text/html,application/xhtml+xml,application/xml;q=0.9,image/webp,image/apng,*/*;q=0.8,application/signed-exchange;v=b3',
  'referer' => 'http://localhost/work/minshop/',
  'accept-encoding' => 'gzip, deflate, br',
  'accept-language' => 'zh-CN,zh;q=0.9',
  'cookie' => 'thinkphp_show_page_trace=0|1; thinkphp_show_page_trace=0|0; PHPSESSID=782ou76lc583j9euosm9glhqau',
)
[ info ] [ PARAM ] array (
)
[ info ] [ SESSION ] INIT array (
  'id' => '',
  'var_session_id' => '',
  'prefix' => 'think',
  'type' => '',
  'auto_start' => true,
)
[ info ] [ RUN ] app\index\controller\Index->index[ C:\wamp64\www\work\minshop\application\index\controller\Index.php ]
[ info ] [ VIEW ] C:\wamp64\www\work\minshop\public/../application/index\view\index\index.html [ array (
) ]
[ info ] [ LOG ] INIT File
[ error ] [8]未定义变量: user[C:\wamp64\www\work\minshop\runtime\temp\bee7e1c2f72892644c7bd98dadbde1bc.php:120]
---------------------------------------------------------------
[ 2019-05-10T11:23:00+08:00 ] 0.0.0.0 GET localhost/work/minshop/public/index/index/index.html
[运行时间：0.022971s] [吞吐率：43.53req/s] [内存消耗：239.69kb] [文件加载：50]
[ info ] [ LANG ] C:\wamp64\www\work\minshop\thinkphp\lang\zh-cn.php
[ info ] [ ROUTE ] array (
  'type' => 'module',
  'module' => 
  array (
    0 => 'index',
    1 => 'index',
    2 => 'index',
  ),
)
[ info ] [ HEADER ] array (
  'host' => 'localhost',
  'connection' => 'keep-alive',
  'cache-control' => 'max-age=0',
  'upgrade-insecure-requests' => '1',
  'user-agent' => 'Mozilla/5.0 (Windows NT 10.0; WOW64) AppleWebKit/537.36 (KHTML, like Gecko) Chrome/74.0.3729.131 Safari/537.36',
  'accept' => 'text/html,application/xhtml+xml,application/xml;q=0.9,image/webp,image/apng,*/*;q=0.8,application/signed-exchange;v=b3',
  'referer' => 'http://localhost/work/minshop/',
  'accept-encoding' => 'gzip, deflate, br',
  'accept-language' => 'zh-CN,zh;q=0.9',
  'cookie' => 'thinkphp_show_page_trace=0|1; thinkphp_show_page_trace=0|0; PHPSESSID=782ou76lc583j9euosm9glhqau',
)
[ info ] [ PARAM ] array (
)
[ info ] [ SESSION ] INIT array (
  'id' => '',
  'var_session_id' => '',
  'prefix' => 'think',
  'type' => '',
  'auto_start' => true,
)
[ info ] [ RUN ] app\index\controller\Index->index[ C:\wamp64\www\work\minshop\application\index\controller\Index.php ]
[ info ] [ VIEW ] C:\wamp64\www\work\minshop\public/../application/index\view\index\index.html [ array (
) ]
[ info ] [ LOG ] INIT File
[ error ] [8]未定义变量: user[C:\wamp64\www\work\minshop\runtime\temp\bee7e1c2f72892644c7bd98dadbde1bc.php:120]
---------------------------------------------------------------
[ 2019-05-10T11:23:41+08:00 ] 0.0.0.0 GET localhost/work/minshop/public/index/index/index.html
[运行时间：0.019134s] [吞吐率：52.26req/s] [内存消耗：240.97kb] [文件加载：50]
[ info ] [ LANG ] C:\wamp64\www\work\minshop\thinkphp\lang\zh-cn.php
[ info ] [ ROUTE ] array (
  'type' => 'module',
  'module' => 
  array (
    0 => 'index',
    1 => 'index',
    2 => 'index',
  ),
)
[ info ] [ HEADER ] array (
  'host' => 'localhost',
  'connection' => 'keep-alive',
  'cache-control' => 'max-age=0',
  'upgrade-insecure-requests' => '1',
  'user-agent' => 'Mozilla/5.0 (Windows NT 10.0; WOW64) AppleWebKit/537.36 (KHTML, like Gecko) Chrome/74.0.3729.131 Safari/537.36',
  'accept' => 'text/html,application/xhtml+xml,application/xml;q=0.9,image/webp,image/apng,*/*;q=0.8,application/signed-exchange;v=b3',
  'referer' => 'http://localhost/work/minshop/',
  'accept-encoding' => 'gzip, deflate, br',
  'accept-language' => 'zh-CN,zh;q=0.9',
  'cookie' => 'thinkphp_show_page_trace=0|1; thinkphp_show_page_trace=0|0; PHPSESSID=782ou76lc583j9euosm9glhqau',
)
[ info ] [ PARAM ] array (
)
[ info ] [ SESSION ] INIT array (
  'id' => '',
  'var_session_id' => '',
  'prefix' => 'think',
  'type' => '',
  'auto_start' => true,
)
[ info ] [ RUN ] app\index\controller\Index->index[ C:\wamp64\www\work\minshop\application\index\controller\Index.php ]
[ info ] [ VIEW ] C:\wamp64\www\work\minshop\public/../application/index\view\index\index.html [ array (
  0 => 'user',
) ]
[ info ] [ LOG ] INIT File
[ error ] [8]Trying to get property 'name' of non-object[C:\wamp64\www\work\minshop\runtime\temp\bee7e1c2f72892644c7bd98dadbde1bc.php:120]
---------------------------------------------------------------
[ 2019-05-10T11:23:52+08:00 ] 0.0.0.0 GET localhost/work/minshop/public/index/index/index.html
[运行时间：0.025485s] [吞吐率：39.24req/s] [内存消耗：336.06kb] [文件加载：48]
[ info ] [ LANG ] C:\wamp64\www\work\minshop\thinkphp\lang\zh-cn.php
[ info ] [ ROUTE ] array (
  'type' => 'module',
  'module' => 
  array (
    0 => 'index',
    1 => 'index',
    2 => 'index',
  ),
)
[ info ] [ HEADER ] array (
  'host' => 'localhost',
  'connection' => 'keep-alive',
  'cache-control' => 'max-age=0',
  'upgrade-insecure-requests' => '1',
  'user-agent' => 'Mozilla/5.0 (Windows NT 10.0; WOW64) AppleWebKit/537.36 (KHTML, like Gecko) Chrome/74.0.3729.131 Safari/537.36',
  'accept' => 'text/html,application/xhtml+xml,application/xml;q=0.9,image/webp,image/apng,*/*;q=0.8,application/signed-exchange;v=b3',
  'referer' => 'http://localhost/work/minshop/',
  'accept-encoding' => 'gzip, deflate, br',
  'accept-language' => 'zh-CN,zh;q=0.9',
  'cookie' => 'thinkphp_show_page_trace=0|1; thinkphp_show_page_trace=0|0; PHPSESSID=782ou76lc583j9euosm9glhqau',
)
[ info ] [ PARAM ] array (
)
[ info ] [ SESSION ] INIT array (
  'id' => '',
  'var_session_id' => '',
  'prefix' => 'think',
  'type' => '',
  'auto_start' => true,
)
[ info ] [ RUN ] app\index\controller\Index->index[ C:\wamp64\www\work\minshop\application\index\controller\Index.php ]
[ info ] [ VIEW ] C:\wamp64\www\work\minshop\public/../application/index\view\index\index.html [ array (
  0 => 'user',
) ]
[ info ] [ LOG ] INIT File
---------------------------------------------------------------
[ 2019-05-10T11:35:12+08:00 ] 0.0.0.0 GET localhost/work/minshop/public/index/index/index.html
[运行时间：0.035177s] [吞吐率：28.43req/s] [内存消耗：284.22kb] [文件加载：46]
[ info ] [ LANG ] C:\wamp64\www\work\minshop\thinkphp\lang\zh-cn.php
[ info ] [ ROUTE ] array (
  'type' => 'module',
  'module' => 
  array (
    0 => 'index',
    1 => 'index',
    2 => 'index',
  ),
)
[ info ] [ HEADER ] array (
  'host' => 'localhost',
  'connection' => 'keep-alive',
  'cache-control' => 'max-age=0',
  'upgrade-insecure-requests' => '1',
  'user-agent' => 'Mozilla/5.0 (Windows NT 10.0; WOW64) AppleWebKit/537.36 (KHTML, like Gecko) Chrome/74.0.3729.131 Safari/537.36',
  'accept' => 'text/html,application/xhtml+xml,application/xml;q=0.9,image/webp,image/apng,*/*;q=0.8,application/signed-exchange;v=b3',
  'referer' => 'http://localhost/work/minshop/',
  'accept-encoding' => 'gzip, deflate, br',
  'accept-language' => 'zh-CN,zh;q=0.9',
  'cookie' => 'thinkphp_show_page_trace=0|1; thinkphp_show_page_trace=0|0; PHPSESSID=782ou76lc583j9euosm9glhqau',
)
[ info ] [ PARAM ] array (
)
[ info ] [ SESSION ] INIT array (
  'id' => '',
  'var_session_id' => '',
  'prefix' => 'think',
  'type' => '',
  'auto_start' => true,
)
[ info ] [ RUN ] app\index\controller\Index->index[ C:\wamp64\www\work\minshop\application\index\controller\Index.php ]
[ info ] [ VIEW ] C:\wamp64\www\work\minshop\public/../application/index\view\index\index.html [ array (
  0 => 'user',
) ]
[ info ] [ LOG ] INIT File
---------------------------------------------------------------
[ 2019-05-10T11:35:45+08:00 ] 0.0.0.0 GET localhost/work/minshop/public/index/login/logout.html
[运行时间：0.011539s] [吞吐率：86.66req/s] [内存消耗：249.24kb] [文件加载：44]
[ info ] [ LANG ] C:\wamp64\www\work\minshop\thinkphp\lang\zh-cn.php
[ info ] [ ROUTE ] array (
  'type' => 'module',
  'module' => 
  array (
    0 => 'index',
    1 => 'login',
    2 => 'logout',
  ),
)
[ info ] [ HEADER ] array (
  'host' => 'localhost',
  'connection' => 'keep-alive',
  'upgrade-insecure-requests' => '1',
  'user-agent' => 'Mozilla/5.0 (Windows NT 10.0; WOW64) AppleWebKit/537.36 (KHTML, like Gecko) Chrome/74.0.3729.131 Safari/537.36',
  'accept' => 'text/html,application/xhtml+xml,application/xml;q=0.9,image/webp,image/apng,*/*;q=0.8,application/signed-exchange;v=b3',
  'referer' => 'http://localhost/work/minshop/public/index/index/index.html',
  'accept-encoding' => 'gzip, deflate, br',
  'accept-language' => 'zh-CN,zh;q=0.9',
  'cookie' => 'thinkphp_show_page_trace=0|0; PHPSESSID=782ou76lc583j9euosm9glhqau',
)
[ info ] [ PARAM ] array (
)
[ info ] [ RUN ] app\index\controller\Login->logout[ C:\wamp64\www\work\minshop\application\index\controller\Login.php ]
[ info ] [ SESSION ] INIT array (
  'id' => '',
  'var_session_id' => '',
  'prefix' => 'think',
  'type' => '',
  'auto_start' => true,
)
[ info ] [ LOG ] INIT File
---------------------------------------------------------------
[ 2019-05-10T11:35:46+08:00 ] 0.0.0.0 GET localhost/work/minshop/public/index/login/login.html
[运行时间：0.081703s] [吞吐率：12.24req/s] [内存消耗：286.19kb] [文件加载：48]
[ info ] [ LANG ] C:\wamp64\www\work\minshop\thinkphp\lang\zh-cn.php
[ info ] [ ROUTE ] array (
  'type' => 'module',
  'module' => 
  array (
    0 => 'index',
    1 => 'login',
    2 => 'login',
  ),
)
[ info ] [ HEADER ] array (
  'host' => 'localhost',
  'connection' => 'keep-alive',
  'upgrade-insecure-requests' => '1',
  'user-agent' => 'Mozilla/5.0 (Windows NT 10.0; WOW64) AppleWebKit/537.36 (KHTML, like Gecko) Chrome/74.0.3729.131 Safari/537.36',
  'accept' => 'text/html,application/xhtml+xml,application/xml;q=0.9,image/webp,image/apng,*/*;q=0.8,application/signed-exchange;v=b3',
  'referer' => 'http://localhost/work/minshop/public/index/index/index.html',
  'accept-encoding' => 'gzip, deflate, br',
  'accept-language' => 'zh-CN,zh;q=0.9',
  'cookie' => 'thinkphp_show_page_trace=0|0; PHPSESSID=782ou76lc583j9euosm9glhqau',
)
[ info ] [ PARAM ] array (
)
[ info ] [ RUN ] app\index\controller\Login->login[ C:\wamp64\www\work\minshop\application\index\controller\Login.php ]
[ info ] [ SESSION ] INIT array (
  'id' => '',
  'var_session_id' => '',
  'prefix' => 'think',
  'type' => '',
  'auto_start' => true,
)
[ info ] [ VIEW ] C:\wamp64\www\work\minshop\public/../application/index\view\login\login.html [ array (
) ]
[ info ] [ LOG ] INIT File
---------------------------------------------------------------
[ 2019-05-10T11:35:51+08:00 ] 0.0.0.0 GET localhost/work/minshop/public/index/index/index.html
[运行时间：0.010830s] [吞吐率：92.34req/s] [内存消耗：247.80kb] [文件加载：44]
[ info ] [ LANG ] C:\wamp64\www\work\minshop\thinkphp\lang\zh-cn.php
[ info ] [ ROUTE ] array (
  'type' => 'module',
  'module' => 
  array (
    0 => 'index',
    1 => 'index',
    2 => 'index',
  ),
)
[ info ] [ HEADER ] array (
  'host' => 'localhost',
  'connection' => 'keep-alive',
  'upgrade-insecure-requests' => '1',
  'user-agent' => 'Mozilla/5.0 (Windows NT 10.0; WOW64) AppleWebKit/537.36 (KHTML, like Gecko) Chrome/74.0.3729.131 Safari/537.36',
  'accept' => 'text/html,application/xhtml+xml,application/xml;q=0.9,image/webp,image/apng,*/*;q=0.8,application/signed-exchange;v=b3',
  'accept-encoding' => 'gzip, deflate, br',
  'accept-language' => 'zh-CN,zh;q=0.9',
  'cookie' => 'thinkphp_show_page_trace=0|1; thinkphp_show_page_trace=0|0; PHPSESSID=782ou76lc583j9euosm9glhqau',
)
[ info ] [ PARAM ] array (
)
[ info ] [ SESSION ] INIT array (
  'id' => '',
  'var_session_id' => '',
  'prefix' => 'think',
  'type' => '',
  'auto_start' => true,
)
[ info ] [ LOG ] INIT File
---------------------------------------------------------------
[ 2019-05-10T11:35:51+08:00 ] 0.0.0.0 GET localhost/work/minshop/public/index/login/login.html
[运行时间：0.011888s] [吞吐率：84.12req/s] [内存消耗：265.16kb] [文件加载：46]
[ info ] [ LANG ] C:\wamp64\www\work\minshop\thinkphp\lang\zh-cn.php
[ info ] [ ROUTE ] array (
  'type' => 'module',
  'module' => 
  array (
    0 => 'index',
    1 => 'login',
    2 => 'login',
  ),
)
[ info ] [ HEADER ] array (
  'host' => 'localhost',
  'connection' => 'keep-alive',
  'upgrade-insecure-requests' => '1',
  'user-agent' => 'Mozilla/5.0 (Windows NT 10.0; WOW64) AppleWebKit/537.36 (KHTML, like Gecko) Chrome/74.0.3729.131 Safari/537.36',
  'accept' => 'text/html,application/xhtml+xml,application/xml;q=0.9,image/webp,image/apng,*/*;q=0.8,application/signed-exchange;v=b3',
  'accept-encoding' => 'gzip, deflate, br',
  'accept-language' => 'zh-CN,zh;q=0.9',
  'cookie' => 'thinkphp_show_page_trace=0|0; thinkphp_show_page_trace=0|0; PHPSESSID=782ou76lc583j9euosm9glhqau',
)
[ info ] [ PARAM ] array (
)
[ info ] [ RUN ] app\index\controller\Login->login[ C:\wamp64\www\work\minshop\application\index\controller\Login.php ]
[ info ] [ SESSION ] INIT array (
  'id' => '',
  'var_session_id' => '',
  'prefix' => 'think',
  'type' => '',
  'auto_start' => true,
)
[ info ] [ VIEW ] C:\wamp64\www\work\minshop\public/../application/index\view\login\login.html [ array (
) ]
[ info ] [ LOG ] INIT File
---------------------------------------------------------------
[ 2019-05-10T11:35:58+08:00 ] 0.0.0.0 POST localhost/work/minshop/public/index/login/ajaxlogin.html
[运行时间：0.015474s] [吞吐率：64.62req/s] [内存消耗：459.34kb] [文件加载：51]
[ info ] [ LANG ] C:\wamp64\www\work\minshop\thinkphp\lang\zh-cn.php
[ info ] [ ROUTE ] array (
  'type' => 'module',
  'module' => 
  array (
    0 => 'index',
    1 => 'login',
    2 => 'ajaxlogin',
  ),
)
[ info ] [ HEADER ] array (
  'host' => 'localhost',
  'connection' => 'keep-alive',
  'content-length' => '26',
  'accept' => 'application/json, text/javascript, */*; q=0.01',
  'origin' => 'http://localhost',
  'x-requested-with' => 'XMLHttpRequest',
  'user-agent' => 'Mozilla/5.0 (Windows NT 10.0; WOW64) AppleWebKit/537.36 (KHTML, like Gecko) Chrome/74.0.3729.131 Safari/537.36',
  'content-type' => 'application/x-www-form-urlencoded; charset=UTF-8',
  'referer' => 'http://localhost/work/minshop/public/index/login/login.html',
  'accept-encoding' => 'gzip, deflate, br',
  'accept-language' => 'zh-CN,zh;q=0.9',
  'cookie' => 'thinkphp_show_page_trace=0|0; thinkphp_show_page_trace=0|0; PHPSESSID=782ou76lc583j9euosm9glhqau',
)
[ info ] [ PARAM ] array (
  'username' => 'asdasd',
  'pwd' => 'asdasd',
)
[ info ] [ RUN ] app\index\controller\Login->ajaxLogin[ C:\wamp64\www\work\minshop\application\index\controller\Login.php ]
[ info ] [ DB ] INIT mysql
[ info ] [ SESSION ] INIT array (
  'id' => '',
  'var_session_id' => '',
  'prefix' => 'think',
  'type' => '',
  'auto_start' => true,
)
[ info ] [ LOG ] INIT File
[ sql ] [ DB ] CONNECT:[ UseTime:0.001146s ] mysql:host=127.0.0.1;port=3306;dbname=minshop;charset=utf8
[ sql ] [ SQL ] SHOW COLUMNS FROM `sh_users` [ RunTime:0.001780s ]
[ sql ] [ SQL ] SELECT * FROM `sh_users` WHERE  `users_name` = 'asdasd' LIMIT 1 [ RunTime:0.000562s ]
---------------------------------------------------------------
[ 2019-05-10T11:35:58+08:00 ] 0.0.0.0 GET localhost/work/minshop/public/index/index/index.html
[运行时间：0.014755s] [吞吐率：67.77req/s] [内存消耗：283.48kb] [文件加载：46]
[ info ] [ LANG ] C:\wamp64\www\work\minshop\thinkphp\lang\zh-cn.php
[ info ] [ ROUTE ] array (
  'type' => 'module',
  'module' => 
  array (
    0 => 'index',
    1 => 'index',
    2 => 'index',
  ),
)
[ info ] [ HEADER ] array (
  'host' => 'localhost',
  'connection' => 'keep-alive',
  'upgrade-insecure-requests' => '1',
  'user-agent' => 'Mozilla/5.0 (Windows NT 10.0; WOW64) AppleWebKit/537.36 (KHTML, like Gecko) Chrome/74.0.3729.131 Safari/537.36',
  'accept' => 'text/html,application/xhtml+xml,application/xml;q=0.9,image/webp,image/apng,*/*;q=0.8,application/signed-exchange;v=b3',
  'referer' => 'http://localhost/work/minshop/public/index/login/login.html',
  'accept-encoding' => 'gzip, deflate, br',
  'accept-language' => 'zh-CN,zh;q=0.9',
  'cookie' => 'thinkphp_show_page_trace=0|1; thinkphp_show_page_trace=0|0; PHPSESSID=782ou76lc583j9euosm9glhqau',
)
[ info ] [ PARAM ] array (
)
[ info ] [ SESSION ] INIT array (
  'id' => '',
  'var_session_id' => '',
  'prefix' => 'think',
  'type' => '',
  'auto_start' => true,
)
[ info ] [ RUN ] app\index\controller\Index->index[ C:\wamp64\www\work\minshop\application\index\controller\Index.php ]
[ info ] [ VIEW ] C:\wamp64\www\work\minshop\public/../application/index\view\index\index.html [ array (
  0 => 'user',
) ]
[ info ] [ LOG ] INIT File
---------------------------------------------------------------
[ 2019-05-10T11:36:38+08:00 ] 0.0.0.0 GET localhost/work/minshop/public/index/index/index.html
[运行时间：0.014186s] [吞吐率：70.49req/s] [内存消耗：284.15kb] [文件加载：46]
[ info ] [ LANG ] C:\wamp64\www\work\minshop\thinkphp\lang\zh-cn.php
[ info ] [ ROUTE ] array (
  'type' => 'module',
  'module' => 
  array (
    0 => 'index',
    1 => 'index',
    2 => 'index',
  ),
)
[ info ] [ HEADER ] array (
  'host' => 'localhost',
  'connection' => 'keep-alive',
  'cache-control' => 'max-age=0',
  'upgrade-insecure-requests' => '1',
  'user-agent' => 'Mozilla/5.0 (Windows NT 10.0; WOW64) AppleWebKit/537.36 (KHTML, like Gecko) Chrome/74.0.3729.131 Safari/537.36',
  'accept' => 'text/html,application/xhtml+xml,application/xml;q=0.9,image/webp,image/apng,*/*;q=0.8,application/signed-exchange;v=b3',
  'referer' => 'http://localhost/work/minshop/public/index/login/login.html',
  'accept-encoding' => 'gzip, deflate, br',
  'accept-language' => 'zh-CN,zh;q=0.9',
  'cookie' => 'thinkphp_show_page_trace=0|1; thinkphp_show_page_trace=0|0; PHPSESSID=782ou76lc583j9euosm9glhqau',
)
[ info ] [ PARAM ] array (
)
[ info ] [ SESSION ] INIT array (
  'id' => '',
  'var_session_id' => '',
  'prefix' => 'think',
  'type' => '',
  'auto_start' => true,
)
[ info ] [ RUN ] app\index\controller\Index->index[ C:\wamp64\www\work\minshop\application\index\controller\Index.php ]
[ info ] [ VIEW ] C:\wamp64\www\work\minshop\public/../application/index\view\index\index.html [ array (
  0 => 'user',
) ]
[ info ] [ LOG ] INIT File
---------------------------------------------------------------
[ 2019-05-10T11:37:12+08:00 ] 0.0.0.0 GET localhost/work/minshop/public/index/index/index.html
[运行时间：0.053321s] [吞吐率：18.75req/s] [内存消耗：294.95kb] [文件加载：52]
[ info ] [ LANG ] C:\wamp64\www\work\minshop\thinkphp\lang\zh-cn.php
[ info ] [ ROUTE ] array (
  'type' => 'module',
  'module' => 
  array (
    0 => 'index',
    1 => 'index',
    2 => 'index',
  ),
)
[ info ] [ HEADER ] array (
  'host' => 'localhost',
  'connection' => 'keep-alive',
  'cache-control' => 'max-age=0',
  'upgrade-insecure-requests' => '1',
  'user-agent' => 'Mozilla/5.0 (Windows NT 10.0; WOW64) AppleWebKit/537.36 (KHTML, like Gecko) Chrome/74.0.3729.131 Safari/537.36',
  'accept' => 'text/html,application/xhtml+xml,application/xml;q=0.9,image/webp,image/apng,*/*;q=0.8,application/signed-exchange;v=b3',
  'referer' => 'http://localhost/work/minshop/public/index/login/login.html',
  'accept-encoding' => 'gzip, deflate, br',
  'accept-language' => 'zh-CN,zh;q=0.9',
  'cookie' => 'thinkphp_show_page_trace=0|1; thinkphp_show_page_trace=0|0; PHPSESSID=782ou76lc583j9euosm9glhqau',
)
[ info ] [ PARAM ] array (
)
[ info ] [ SESSION ] INIT array (
  'id' => '',
  'var_session_id' => '',
  'prefix' => 'think',
  'type' => '',
  'auto_start' => true,
)
[ info ] [ RUN ] app\index\controller\Index->index[ C:\wamp64\www\work\minshop\application\index\controller\Index.php ]
[ info ] [ VIEW ] C:\wamp64\www\work\minshop\public/../application/index\view\index\index.html [ array (
  0 => 'users',
) ]
[ info ] [ LOG ] INIT File
[ error ] [8]Trying to get property 'name' of non-object[C:\wamp64\www\work\minshop\runtime\temp\bee7e1c2f72892644c7bd98dadbde1bc.php:120]
---------------------------------------------------------------
[ 2019-05-10T11:38:01+08:00 ] 0.0.0.0 GET localhost/work/minshop/public/index/index/index.html
[运行时间：0.033944s] [吞吐率：29.46req/s] [内存消耗：336.38kb] [文件加载：48]
[ info ] [ LANG ] C:\wamp64\www\work\minshop\thinkphp\lang\zh-cn.php
[ info ] [ ROUTE ] array (
  'type' => 'module',
  'module' => 
  array (
    0 => 'index',
    1 => 'index',
    2 => 'index',
  ),
)
[ info ] [ HEADER ] array (
  'host' => 'localhost',
  'connection' => 'keep-alive',
  'cache-control' => 'max-age=0',
  'upgrade-insecure-requests' => '1',
  'user-agent' => 'Mozilla/5.0 (Windows NT 10.0; WOW64) AppleWebKit/537.36 (KHTML, like Gecko) Chrome/74.0.3729.131 Safari/537.36',
  'accept' => 'text/html,application/xhtml+xml,application/xml;q=0.9,image/webp,image/apng,*/*;q=0.8,application/signed-exchange;v=b3',
  'referer' => 'http://localhost/work/minshop/public/index/login/login.html',
  'accept-encoding' => 'gzip, deflate, br',
  'accept-language' => 'zh-CN,zh;q=0.9',
  'cookie' => 'thinkphp_show_page_trace=0|1; thinkphp_show_page_trace=0|0; PHPSESSID=782ou76lc583j9euosm9glhqau',
)
[ info ] [ PARAM ] array (
)
[ info ] [ SESSION ] INIT array (
  'id' => '',
  'var_session_id' => '',
  'prefix' => 'think',
  'type' => '',
  'auto_start' => true,
)
[ info ] [ RUN ] app\index\controller\Index->index[ C:\wamp64\www\work\minshop\application\index\controller\Index.php ]
[ info ] [ VIEW ] C:\wamp64\www\work\minshop\public/../application/index\view\index\index.html [ array (
  0 => 'users_name',
) ]
[ info ] [ LOG ] INIT File
---------------------------------------------------------------
[ 2019-05-10T11:38:08+08:00 ] 0.0.0.0 GET localhost/work/minshop/public/index/index/admin.html
[运行时间：0.032239s] [吞吐率：31.02req/s] [内存消耗：279.87kb] [文件加载：48]
[ info ] [ LANG ] C:\wamp64\www\work\minshop\thinkphp\lang\zh-cn.php
[ info ] [ ROUTE ] array (
  'type' => 'module',
  'module' => 
  array (
    0 => 'index',
    1 => 'index',
    2 => 'admin',
  ),
)
[ info ] [ HEADER ] array (
  'host' => 'localhost',
  'connection' => 'keep-alive',
  'upgrade-insecure-requests' => '1',
  'user-agent' => 'Mozilla/5.0 (Windows NT 10.0; WOW64) AppleWebKit/537.36 (KHTML, like Gecko) Chrome/74.0.3729.131 Safari/537.36',
  'accept' => 'text/html,application/xhtml+xml,application/xml;q=0.9,image/webp,image/apng,*/*;q=0.8,application/signed-exchange;v=b3',
  'referer' => 'http://localhost/work/minshop/public/index/index/index.html',
  'accept-encoding' => 'gzip, deflate, br',
  'accept-language' => 'zh-CN,zh;q=0.9',
  'cookie' => 'thinkphp_show_page_trace=0|1; thinkphp_show_page_trace=0|0; PHPSESSID=782ou76lc583j9euosm9glhqau',
)
[ info ] [ PARAM ] array (
)
[ info ] [ SESSION ] INIT array (
  'id' => '',
  'var_session_id' => '',
  'prefix' => 'think',
  'type' => '',
  'auto_start' => true,
)
[ info ] [ RUN ] app\index\controller\Index->admin[ C:\wamp64\www\work\minshop\application\index\controller\Index.php ]
[ info ] [ VIEW ] C:\wamp64\www\work\minshop\public/../application/index\view\index\admin.html [ array (
) ]
[ info ] [ LOG ] INIT File
---------------------------------------------------------------
[ 2019-05-10T11:38:10+08:00 ] 0.0.0.0 GET localhost/work/minshop/public/index/index/user.html
[运行时间：0.040980s] [吞吐率：24.40req/s] [内存消耗：280.24kb] [文件加载：48]
[ info ] [ LANG ] C:\wamp64\www\work\minshop\thinkphp\lang\zh-cn.php
[ info ] [ ROUTE ] array (
  'type' => 'module',
  'module' => 
  array (
    0 => 'index',
    1 => 'index',
    2 => 'user',
  ),
)
[ info ] [ HEADER ] array (
  'host' => 'localhost',
  'connection' => 'keep-alive',
  'upgrade-insecure-requests' => '1',
  'user-agent' => 'Mozilla/5.0 (Windows NT 10.0; WOW64) AppleWebKit/537.36 (KHTML, like Gecko) Chrome/74.0.3729.131 Safari/537.36',
  'accept' => 'text/html,application/xhtml+xml,application/xml;q=0.9,image/webp,image/apng,*/*;q=0.8,application/signed-exchange;v=b3',
  'referer' => 'http://localhost/work/minshop/public/index/index/admin.html',
  'accept-encoding' => 'gzip, deflate, br',
  'accept-language' => 'zh-CN,zh;q=0.9',
  'cookie' => 'thinkphp_show_page_trace=0|1; thinkphp_show_page_trace=0|0; PHPSESSID=782ou76lc583j9euosm9glhqau',
)
[ info ] [ PARAM ] array (
)
[ info ] [ SESSION ] INIT array (
  'id' => '',
  'var_session_id' => '',
  'prefix' => 'think',
  'type' => '',
  'auto_start' => true,
)
[ info ] [ RUN ] app\index\controller\Index->user[ C:\wamp64\www\work\minshop\application\index\controller\Index.php ]
[ info ] [ VIEW ] C:\wamp64\www\work\minshop\public/../application/index\view\index\user.html [ array (
) ]
[ info ] [ LOG ] INIT File
---------------------------------------------------------------
[ 2019-05-10T11:38:10+08:00 ] 0.0.0.0 GET localhost/work/minshop/public/index/index/admin.html
[运行时间：0.011102s] [吞吐率：90.07req/s] [内存消耗：267.24kb] [文件加载：46]
[ info ] [ LANG ] C:\wamp64\www\work\minshop\thinkphp\lang\zh-cn.php
[ info ] [ ROUTE ] array (
  'type' => 'module',
  'module' => 
  array (
    0 => 'index',
    1 => 'index',
    2 => 'admin',
  ),
)
[ info ] [ HEADER ] array (
  'host' => 'localhost',
  'connection' => 'keep-alive',
  'upgrade-insecure-requests' => '1',
  'user-agent' => 'Mozilla/5.0 (Windows NT 10.0; WOW64) AppleWebKit/537.36 (KHTML, like Gecko) Chrome/74.0.3729.131 Safari/537.36',
  'accept' => 'text/html,application/xhtml+xml,application/xml;q=0.9,image/webp,image/apng,*/*;q=0.8,application/signed-exchange;v=b3',
  'referer' => 'http://localhost/work/minshop/public/index/index/user.html',
  'accept-encoding' => 'gzip, deflate, br',
  'accept-language' => 'zh-CN,zh;q=0.9',
  'cookie' => 'thinkphp_show_page_trace=0|1; thinkphp_show_page_trace=0|0; PHPSESSID=782ou76lc583j9euosm9glhqau',
)
[ info ] [ PARAM ] array (
)
[ info ] [ SESSION ] INIT array (
  'id' => '',
  'var_session_id' => '',
  'prefix' => 'think',
  'type' => '',
  'auto_start' => true,
)
[ info ] [ RUN ] app\index\controller\Index->admin[ C:\wamp64\www\work\minshop\application\index\controller\Index.php ]
[ info ] [ VIEW ] C:\wamp64\www\work\minshop\public/../application/index\view\index\admin.html [ array (
) ]
[ info ] [ LOG ] INIT File
---------------------------------------------------------------
[ 2019-05-10T11:38:11+08:00 ] 0.0.0.0 GET localhost/work/minshop/public/index/index/user.html
[运行时间：0.012455s] [吞吐率：80.29req/s] [内存消耗：267.24kb] [文件加载：46]
[ info ] [ LANG ] C:\wamp64\www\work\minshop\thinkphp\lang\zh-cn.php
[ info ] [ ROUTE ] array (
  'type' => 'module',
  'module' => 
  array (
    0 => 'index',
    1 => 'index',
    2 => 'user',
  ),
)
[ info ] [ HEADER ] array (
  'host' => 'localhost',
  'connection' => 'keep-alive',
  'upgrade-insecure-requests' => '1',
  'user-agent' => 'Mozilla/5.0 (Windows NT 10.0; WOW64) AppleWebKit/537.36 (KHTML, like Gecko) Chrome/74.0.3729.131 Safari/537.36',
  'accept' => 'text/html,application/xhtml+xml,application/xml;q=0.9,image/webp,image/apng,*/*;q=0.8,application/signed-exchange;v=b3',
  'referer' => 'http://localhost/work/minshop/public/index/index/admin.html',
  'accept-encoding' => 'gzip, deflate, br',
  'accept-language' => 'zh-CN,zh;q=0.9',
  'cookie' => 'thinkphp_show_page_trace=0|1; thinkphp_show_page_trace=0|0; PHPSESSID=782ou76lc583j9euosm9glhqau',
)
[ info ] [ PARAM ] array (
)
[ info ] [ SESSION ] INIT array (
  'id' => '',
  'var_session_id' => '',
  'prefix' => 'think',
  'type' => '',
  'auto_start' => true,
)
[ info ] [ RUN ] app\index\controller\Index->user[ C:\wamp64\www\work\minshop\application\index\controller\Index.php ]
[ info ] [ VIEW ] C:\wamp64\www\work\minshop\public/../application/index\view\index\user.html [ array (
) ]
[ info ] [ LOG ] INIT File
---------------------------------------------------------------
[ 2019-05-10T11:38:12+08:00 ] 0.0.0.0 GET localhost/work/minshop/public/index/index/admin.html
[运行时间：0.011280s] [吞吐率：88.65req/s] [内存消耗：266.82kb] [文件加载：46]
[ info ] [ LANG ] C:\wamp64\www\work\minshop\thinkphp\lang\zh-cn.php
[ info ] [ ROUTE ] array (
  'type' => 'module',
  'module' => 
  array (
    0 => 'index',
    1 => 'index',
    2 => 'admin',
  ),
)
[ info ] [ HEADER ] array (
  'host' => 'localhost',
  'connection' => 'keep-alive',
  'upgrade-insecure-requests' => '1',
  'user-agent' => 'Mozilla/5.0 (Windows NT 10.0; WOW64) AppleWebKit/537.36 (KHTML, like Gecko) Chrome/74.0.3729.131 Safari/537.36',
  'accept' => 'text/html,application/xhtml+xml,application/xml;q=0.9,image/webp,image/apng,*/*;q=0.8,application/signed-exchange;v=b3',
  'referer' => 'http://localhost/work/minshop/public/index/index/user.html',
  'accept-encoding' => 'gzip, deflate, br',
  'accept-language' => 'zh-CN,zh;q=0.9',
  'cookie' => 'thinkphp_show_page_trace=0|1; thinkphp_show_page_trace=0|0; PHPSESSID=782ou76lc583j9euosm9glhqau',
)
[ info ] [ PARAM ] array (
)
[ info ] [ SESSION ] INIT array (
  'id' => '',
  'var_session_id' => '',
  'prefix' => 'think',
  'type' => '',
  'auto_start' => true,
)
[ info ] [ RUN ] app\index\controller\Index->admin[ C:\wamp64\www\work\minshop\application\index\controller\Index.php ]
[ info ] [ VIEW ] C:\wamp64\www\work\minshop\public/../application/index\view\index\admin.html [ array (
) ]
[ info ] [ LOG ] INIT File
---------------------------------------------------------------
[ 2019-05-10T11:38:13+08:00 ] 0.0.0.0 GET localhost/work/minshop/public/index/index/user.html
[运行时间：0.011348s] [吞吐率：88.12req/s] [内存消耗：267.24kb] [文件加载：46]
[ info ] [ LANG ] C:\wamp64\www\work\minshop\thinkphp\lang\zh-cn.php
[ info ] [ ROUTE ] array (
  'type' => 'module',
  'module' => 
  array (
    0 => 'index',
    1 => 'index',
    2 => 'user',
  ),
)
[ info ] [ HEADER ] array (
  'host' => 'localhost',
  'connection' => 'keep-alive',
  'upgrade-insecure-requests' => '1',
  'user-agent' => 'Mozilla/5.0 (Windows NT 10.0; WOW64) AppleWebKit/537.36 (KHTML, like Gecko) Chrome/74.0.3729.131 Safari/537.36',
  'accept' => 'text/html,application/xhtml+xml,application/xml;q=0.9,image/webp,image/apng,*/*;q=0.8,application/signed-exchange;v=b3',
  'referer' => 'http://localhost/work/minshop/public/index/index/admin.html',
  'accept-encoding' => 'gzip, deflate, br',
  'accept-language' => 'zh-CN,zh;q=0.9',
  'cookie' => 'thinkphp_show_page_trace=0|1; thinkphp_show_page_trace=0|0; PHPSESSID=782ou76lc583j9euosm9glhqau',
)
[ info ] [ PARAM ] array (
)
[ info ] [ SESSION ] INIT array (
  'id' => '',
  'var_session_id' => '',
  'prefix' => 'think',
  'type' => '',
  'auto_start' => true,
)
[ info ] [ RUN ] app\index\controller\Index->user[ C:\wamp64\www\work\minshop\application\index\controller\Index.php ]
[ info ] [ VIEW ] C:\wamp64\www\work\minshop\public/../application/index\view\index\user.html [ array (
) ]
[ info ] [ LOG ] INIT File
---------------------------------------------------------------
[ 2019-05-10T11:38:15+08:00 ] 0.0.0.0 GET localhost/work/minshop/public/index/index/admin.html
[运行时间：0.014073s] [吞吐率：71.06req/s] [内存消耗：266.82kb] [文件加载：46]
[ info ] [ LANG ] C:\wamp64\www\work\minshop\thinkphp\lang\zh-cn.php
[ info ] [ ROUTE ] array (
  'type' => 'module',
  'module' => 
  array (
    0 => 'index',
    1 => 'index',
    2 => 'admin',
  ),
)
[ info ] [ HEADER ] array (
  'host' => 'localhost',
  'connection' => 'keep-alive',
  'upgrade-insecure-requests' => '1',
  'user-agent' => 'Mozilla/5.0 (Windows NT 10.0; WOW64) AppleWebKit/537.36 (KHTML, like Gecko) Chrome/74.0.3729.131 Safari/537.36',
  'accept' => 'text/html,application/xhtml+xml,application/xml;q=0.9,image/webp,image/apng,*/*;q=0.8,application/signed-exchange;v=b3',
  'referer' => 'http://localhost/work/minshop/public/index/index/user.html',
  'accept-encoding' => 'gzip, deflate, br',
  'accept-language' => 'zh-CN,zh;q=0.9',
  'cookie' => 'thinkphp_show_page_trace=0|1; thinkphp_show_page_trace=0|0; PHPSESSID=782ou76lc583j9euosm9glhqau',
)
[ info ] [ PARAM ] array (
)
[ info ] [ SESSION ] INIT array (
  'id' => '',
  'var_session_id' => '',
  'prefix' => 'think',
  'type' => '',
  'auto_start' => true,
)
[ info ] [ RUN ] app\index\controller\Index->admin[ C:\wamp64\www\work\minshop\application\index\controller\Index.php ]
[ info ] [ VIEW ] C:\wamp64\www\work\minshop\public/../application/index\view\index\admin.html [ array (
) ]
[ info ] [ LOG ] INIT File
---------------------------------------------------------------
[ 2019-05-10T11:38:19+08:00 ] 0.0.0.0 GET localhost/work/minshop/public/index/index/index.html
[运行时间：0.015364s] [吞吐率：65.09req/s] [内存消耗：283.90kb] [文件加载：46]
[ info ] [ LANG ] C:\wamp64\www\work\minshop\thinkphp\lang\zh-cn.php
[ info ] [ ROUTE ] array (
  'type' => 'module',
  'module' => 
  array (
    0 => 'index',
    1 => 'index',
    2 => 'index',
  ),
)
[ info ] [ HEADER ] array (
  'host' => 'localhost',
  'connection' => 'keep-alive',
  'upgrade-insecure-requests' => '1',
  'user-agent' => 'Mozilla/5.0 (Windows NT 10.0; WOW64) AppleWebKit/537.36 (KHTML, like Gecko) Chrome/74.0.3729.131 Safari/537.36',
  'accept' => 'text/html,application/xhtml+xml,application/xml;q=0.9,image/webp,image/apng,*/*;q=0.8,application/signed-exchange;v=b3',
  'referer' => 'http://localhost/work/minshop/public/index/index/admin.html',
  'accept-encoding' => 'gzip, deflate, br',
  'accept-language' => 'zh-CN,zh;q=0.9',
  'cookie' => 'thinkphp_show_page_trace=0|1; thinkphp_show_page_trace=0|0; PHPSESSID=782ou76lc583j9euosm9glhqau',
)
[ info ] [ PARAM ] array (
)
[ info ] [ SESSION ] INIT array (
  'id' => '',
  'var_session_id' => '',
  'prefix' => 'think',
  'type' => '',
  'auto_start' => true,
)
[ info ] [ RUN ] app\index\controller\Index->index[ C:\wamp64\www\work\minshop\application\index\controller\Index.php ]
[ info ] [ VIEW ] C:\wamp64\www\work\minshop\public/../application/index\view\index\index.html [ array (
  0 => 'users_name',
) ]
[ info ] [ LOG ] INIT File
---------------------------------------------------------------
[ 2019-05-10T11:48:09+08:00 ] 0.0.0.0 GET localhost/work/minshop/public/index/index/index.html
[运行时间：0.032274s] [吞吐率：30.98req/s] [内存消耗：336.10kb] [文件加载：48]
[ info ] [ LANG ] C:\wamp64\www\work\minshop\thinkphp\lang\zh-cn.php
[ info ] [ ROUTE ] array (
  'type' => 'module',
  'module' => 
  array (
    0 => 'index',
    1 => 'index',
    2 => 'index',
  ),
)
[ info ] [ HEADER ] array (
  'host' => 'localhost',
  'connection' => 'keep-alive',
  'cache-control' => 'max-age=0',
  'upgrade-insecure-requests' => '1',
  'user-agent' => 'Mozilla/5.0 (Windows NT 10.0; WOW64) AppleWebKit/537.36 (KHTML, like Gecko) Chrome/74.0.3729.131 Safari/537.36',
  'accept' => 'text/html,application/xhtml+xml,application/xml;q=0.9,image/webp,image/apng,*/*;q=0.8,application/signed-exchange;v=b3',
  'referer' => 'http://localhost/work/minshop/public/index/index/admin.html',
  'accept-encoding' => 'gzip, deflate, br',
  'accept-language' => 'zh-CN,zh;q=0.9',
  'cookie' => 'thinkphp_show_page_trace=0|1; thinkphp_show_page_trace=0|0; PHPSESSID=782ou76lc583j9euosm9glhqau',
)
[ info ] [ PARAM ] array (
)
[ info ] [ SESSION ] INIT array (
  'id' => '',
  'var_session_id' => '',
  'prefix' => 'think',
  'type' => '',
  'auto_start' => true,
)
[ info ] [ RUN ] app\index\controller\Index->index[ C:\wamp64\www\work\minshop\application\index\controller\Index.php ]
[ info ] [ VIEW ] C:\wamp64\www\work\minshop\public/../application/index\view\index\index.html [ array (
  0 => 'users_name',
) ]
[ info ] [ LOG ] INIT File
---------------------------------------------------------------
[ 2019-05-10T11:48:30+08:00 ] 0.0.0.0 GET localhost/work/minshop/public/index/index/index.html
[运行时间：0.020186s] [吞吐率：49.54req/s] [内存消耗：283.90kb] [文件加载：46]
[ info ] [ LANG ] C:\wamp64\www\work\minshop\thinkphp\lang\zh-cn.php
[ info ] [ ROUTE ] array (
  'type' => 'module',
  'module' => 
  array (
    0 => 'index',
    1 => 'index',
    2 => 'index',
  ),
)
[ info ] [ HEADER ] array (
  'host' => 'localhost',
  'connection' => 'keep-alive',
  'upgrade-insecure-requests' => '1',
  'user-agent' => 'Mozilla/5.0 (Windows NT 10.0; WOW64) AppleWebKit/537.36 (KHTML, like Gecko) Chrome/74.0.3729.131 Safari/537.36',
  'accept' => 'text/html,application/xhtml+xml,application/xml;q=0.9,image/webp,image/apng,*/*;q=0.8,application/signed-exchange;v=b3',
  'referer' => 'http://localhost/work/minshop/public/index/index/index.html',
  'accept-encoding' => 'gzip, deflate, br',
  'accept-language' => 'zh-CN,zh;q=0.9',
  'cookie' => 'thinkphp_show_page_trace=0|1; thinkphp_show_page_trace=0|0; PHPSESSID=782ou76lc583j9euosm9glhqau',
)
[ info ] [ PARAM ] array (
)
[ info ] [ SESSION ] INIT array (
  'id' => '',
  'var_session_id' => '',
  'prefix' => 'think',
  'type' => '',
  'auto_start' => true,
)
[ info ] [ RUN ] app\index\controller\Index->index[ C:\wamp64\www\work\minshop\application\index\controller\Index.php ]
[ info ] [ VIEW ] C:\wamp64\www\work\minshop\public/../application/index\view\index\index.html [ array (
  0 => 'users_name',
) ]
[ info ] [ LOG ] INIT File
---------------------------------------------------------------
[ 2019-05-10T11:48:34+08:00 ] 0.0.0.0 GET localhost/work/minshop/public/index/index/admin.html
[运行时间：0.014443s] [吞吐率：69.24req/s] [内存消耗：266.82kb] [文件加载：46]
[ info ] [ LANG ] C:\wamp64\www\work\minshop\thinkphp\lang\zh-cn.php
[ info ] [ ROUTE ] array (
  'type' => 'module',
  'module' => 
  array (
    0 => 'index',
    1 => 'index',
    2 => 'admin',
  ),
)
[ info ] [ HEADER ] array (
  'host' => 'localhost',
  'connection' => 'keep-alive',
  'upgrade-insecure-requests' => '1',
  'user-agent' => 'Mozilla/5.0 (Windows NT 10.0; WOW64) AppleWebKit/537.36 (KHTML, like Gecko) Chrome/74.0.3729.131 Safari/537.36',
  'accept' => 'text/html,application/xhtml+xml,application/xml;q=0.9,image/webp,image/apng,*/*;q=0.8,application/signed-exchange;v=b3',
  'referer' => 'http://localhost/work/minshop/public/index/index/index.html',
  'accept-encoding' => 'gzip, deflate, br',
  'accept-language' => 'zh-CN,zh;q=0.9',
  'cookie' => 'thinkphp_show_page_trace=0|1; thinkphp_show_page_trace=0|0; PHPSESSID=782ou76lc583j9euosm9glhqau',
)
[ info ] [ PARAM ] array (
)
[ info ] [ SESSION ] INIT array (
  'id' => '',
  'var_session_id' => '',
  'prefix' => 'think',
  'type' => '',
  'auto_start' => true,
)
[ info ] [ RUN ] app\index\controller\Index->admin[ C:\wamp64\www\work\minshop\application\index\controller\Index.php ]
[ info ] [ VIEW ] C:\wamp64\www\work\minshop\public/../application/index\view\index\admin.html [ array (
) ]
[ info ] [ LOG ] INIT File
---------------------------------------------------------------
[ 2019-05-10T11:48:36+08:00 ] 0.0.0.0 GET localhost/work/minshop/public/index/index/user.html
[运行时间：0.014076s] [吞吐率：71.04req/s] [内存消耗：266.82kb] [文件加载：46]
[ info ] [ LANG ] C:\wamp64\www\work\minshop\thinkphp\lang\zh-cn.php
[ info ] [ ROUTE ] array (
  'type' => 'module',
  'module' => 
  array (
    0 => 'index',
    1 => 'index',
    2 => 'user',
  ),
)
[ info ] [ HEADER ] array (
  'host' => 'localhost',
  'connection' => 'keep-alive',
  'upgrade-insecure-requests' => '1',
  'user-agent' => 'Mozilla/5.0 (Windows NT 10.0; WOW64) AppleWebKit/537.36 (KHTML, like Gecko) Chrome/74.0.3729.131 Safari/537.36',
  'accept' => 'text/html,application/xhtml+xml,application/xml;q=0.9,image/webp,image/apng,*/*;q=0.8,application/signed-exchange;v=b3',
  'referer' => 'http://localhost/work/minshop/public/index/index/admin.html',
  'accept-encoding' => 'gzip, deflate, br',
  'accept-language' => 'zh-CN,zh;q=0.9',
  'cookie' => 'thinkphp_show_page_trace=0|1; thinkphp_show_page_trace=0|0; PHPSESSID=782ou76lc583j9euosm9glhqau',
)
[ info ] [ PARAM ] array (
)
[ info ] [ SESSION ] INIT array (
  'id' => '',
  'var_session_id' => '',
  'prefix' => 'think',
  'type' => '',
  'auto_start' => true,
)
[ info ] [ RUN ] app\index\controller\Index->user[ C:\wamp64\www\work\minshop\application\index\controller\Index.php ]
[ info ] [ VIEW ] C:\wamp64\www\work\minshop\public/../application/index\view\index\user.html [ array (
) ]
[ info ] [ LOG ] INIT File
---------------------------------------------------------------
[ 2019-05-10T11:48:39+08:00 ] 0.0.0.0 GET localhost/work/minshop/public/index/index/admin.html
[运行时间：0.012946s] [吞吐率：77.24req/s] [内存消耗：266.82kb] [文件加载：46]
[ info ] [ LANG ] C:\wamp64\www\work\minshop\thinkphp\lang\zh-cn.php
[ info ] [ ROUTE ] array (
  'type' => 'module',
  'module' => 
  array (
    0 => 'index',
    1 => 'index',
    2 => 'admin',
  ),
)
[ info ] [ HEADER ] array (
  'host' => 'localhost',
  'connection' => 'keep-alive',
  'upgrade-insecure-requests' => '1',
  'user-agent' => 'Mozilla/5.0 (Windows NT 10.0; WOW64) AppleWebKit/537.36 (KHTML, like Gecko) Chrome/74.0.3729.131 Safari/537.36',
  'accept' => 'text/html,application/xhtml+xml,application/xml;q=0.9,image/webp,image/apng,*/*;q=0.8,application/signed-exchange;v=b3',
  'referer' => 'http://localhost/work/minshop/public/index/index/user.html',
  'accept-encoding' => 'gzip, deflate, br',
  'accept-language' => 'zh-CN,zh;q=0.9',
  'cookie' => 'thinkphp_show_page_trace=0|1; thinkphp_show_page_trace=0|0; PHPSESSID=782ou76lc583j9euosm9glhqau',
)
[ info ] [ PARAM ] array (
)
[ info ] [ SESSION ] INIT array (
  'id' => '',
  'var_session_id' => '',
  'prefix' => 'think',
  'type' => '',
  'auto_start' => true,
)
[ info ] [ RUN ] app\index\controller\Index->admin[ C:\wamp64\www\work\minshop\application\index\controller\Index.php ]
[ info ] [ VIEW ] C:\wamp64\www\work\minshop\public/../application/index\view\index\admin.html [ array (
) ]
[ info ] [ LOG ] INIT File
---------------------------------------------------------------
[ 2019-05-10T11:50:29+08:00 ] 0.0.0.0 GET localhost/work/minshop/public/index/index/user.html
[运行时间：0.017359s] [吞吐率：57.61req/s] [内存消耗：266.82kb] [文件加载：46]
[ info ] [ LANG ] C:\wamp64\www\work\minshop\thinkphp\lang\zh-cn.php
[ info ] [ ROUTE ] array (
  'type' => 'module',
  'module' => 
  array (
    0 => 'index',
    1 => 'index',
    2 => 'user',
  ),
)
[ info ] [ HEADER ] array (
  'host' => 'localhost',
  'connection' => 'keep-alive',
  'upgrade-insecure-requests' => '1',
  'user-agent' => 'Mozilla/5.0 (Windows NT 10.0; WOW64) AppleWebKit/537.36 (KHTML, like Gecko) Chrome/74.0.3729.131 Safari/537.36',
  'accept' => 'text/html,application/xhtml+xml,application/xml;q=0.9,image/webp,image/apng,*/*;q=0.8,application/signed-exchange;v=b3',
  'referer' => 'http://localhost/work/minshop/public/index/index/admin.html',
  'accept-encoding' => 'gzip, deflate, br',
  'accept-language' => 'zh-CN,zh;q=0.9',
  'cookie' => 'thinkphp_show_page_trace=0|1; thinkphp_show_page_trace=0|0; PHPSESSID=782ou76lc583j9euosm9glhqau',
)
[ info ] [ PARAM ] array (
)
[ info ] [ SESSION ] INIT array (
  'id' => '',
  'var_session_id' => '',
  'prefix' => 'think',
  'type' => '',
  'auto_start' => true,
)
[ info ] [ RUN ] app\index\controller\Index->user[ C:\wamp64\www\work\minshop\application\index\controller\Index.php ]
[ info ] [ VIEW ] C:\wamp64\www\work\minshop\public/../application/index\view\index\user.html [ array (
) ]
[ info ] [ LOG ] INIT File
---------------------------------------------------------------
[ 2019-05-10T11:50:30+08:00 ] 0.0.0.0 GET localhost/work/minshop/public/index/order/order.html
[运行时间：0.072143s] [吞吐率：13.86req/s] [内存消耗：300.63kb] [文件加载：48]
[ info ] [ LANG ] C:\wamp64\www\work\minshop\thinkphp\lang\zh-cn.php
[ info ] [ ROUTE ] array (
  'type' => 'module',
  'module' => 
  array (
    0 => 'index',
    1 => 'order',
    2 => 'order',
  ),
)
[ info ] [ HEADER ] array (
  'host' => 'localhost',
  'connection' => 'keep-alive',
  'upgrade-insecure-requests' => '1',
  'user-agent' => 'Mozilla/5.0 (Windows NT 10.0; WOW64) AppleWebKit/537.36 (KHTML, like Gecko) Chrome/74.0.3729.131 Safari/537.36',
  'accept' => 'text/html,application/xhtml+xml,application/xml;q=0.9,image/webp,image/apng,*/*;q=0.8,application/signed-exchange;v=b3',
  'referer' => 'http://localhost/work/minshop/public/index/index/user.html',
  'accept-encoding' => 'gzip, deflate, br',
  'accept-language' => 'zh-CN,zh;q=0.9',
  'cookie' => 'thinkphp_show_page_trace=0|0; PHPSESSID=782ou76lc583j9euosm9glhqau',
)
[ info ] [ PARAM ] array (
)
[ info ] [ RUN ] app\index\controller\Order->order[ C:\wamp64\www\work\minshop\application\index\controller\Order.php ]
[ info ] [ VIEW ] C:\wamp64\www\work\minshop\public/../application/index\view\order\order.html [ array (
) ]
[ info ] [ LOG ] INIT File
---------------------------------------------------------------
[ 2019-05-10T11:50:33+08:00 ] 0.0.0.0 GET localhost/work/minshop/public/index/login/logout.html
[运行时间：0.008158s] [吞吐率：122.58req/s] [内存消耗：249.27kb] [文件加载：44]
[ info ] [ LANG ] C:\wamp64\www\work\minshop\thinkphp\lang\zh-cn.php
[ info ] [ ROUTE ] array (
  'type' => 'module',
  'module' => 
  array (
    0 => 'index',
    1 => 'login',
    2 => 'logout',
  ),
)
[ info ] [ HEADER ] array (
  'host' => 'localhost',
  'connection' => 'keep-alive',
  'upgrade-insecure-requests' => '1',
  'user-agent' => 'Mozilla/5.0 (Windows NT 10.0; WOW64) AppleWebKit/537.36 (KHTML, like Gecko) Chrome/74.0.3729.131 Safari/537.36',
  'accept' => 'text/html,application/xhtml+xml,application/xml;q=0.9,image/webp,image/apng,*/*;q=0.8,application/signed-exchange;v=b3',
  'referer' => 'http://localhost/work/minshop/public/index/order/order.html',
  'accept-encoding' => 'gzip, deflate, br',
  'accept-language' => 'zh-CN,zh;q=0.9',
  'cookie' => 'thinkphp_show_page_trace=0|0; thinkphp_show_page_trace=0|0; PHPSESSID=782ou76lc583j9euosm9glhqau',
)
[ info ] [ PARAM ] array (
)
[ info ] [ RUN ] app\index\controller\Login->logout[ C:\wamp64\www\work\minshop\application\index\controller\Login.php ]
[ info ] [ SESSION ] INIT array (
  'id' => '',
  'var_session_id' => '',
  'prefix' => 'think',
  'type' => '',
  'auto_start' => true,
)
[ info ] [ LOG ] INIT File
---------------------------------------------------------------
[ 2019-05-10T11:50:33+08:00 ] 0.0.0.0 GET localhost/work/minshop/public/index/login/login.html
[运行时间：0.010095s] [吞吐率：99.06req/s] [内存消耗：265.67kb] [文件加载：46]
[ info ] [ LANG ] C:\wamp64\www\work\minshop\thinkphp\lang\zh-cn.php
[ info ] [ ROUTE ] array (
  'type' => 'module',
  'module' => 
  array (
    0 => 'index',
    1 => 'login',
    2 => 'login',
  ),
)
[ info ] [ HEADER ] array (
  'host' => 'localhost',
  'connection' => 'keep-alive',
  'upgrade-insecure-requests' => '1',
  'user-agent' => 'Mozilla/5.0 (Windows NT 10.0; WOW64) AppleWebKit/537.36 (KHTML, like Gecko) Chrome/74.0.3729.131 Safari/537.36',
  'accept' => 'text/html,application/xhtml+xml,application/xml;q=0.9,image/webp,image/apng,*/*;q=0.8,application/signed-exchange;v=b3',
  'referer' => 'http://localhost/work/minshop/public/index/order/order.html',
  'accept-encoding' => 'gzip, deflate, br',
  'accept-language' => 'zh-CN,zh;q=0.9',
  'cookie' => 'thinkphp_show_page_trace=0|0; thinkphp_show_page_trace=0|0; PHPSESSID=782ou76lc583j9euosm9glhqau',
)
[ info ] [ PARAM ] array (
)
[ info ] [ RUN ] app\index\controller\Login->login[ C:\wamp64\www\work\minshop\application\index\controller\Login.php ]
[ info ] [ SESSION ] INIT array (
  'id' => '',
  'var_session_id' => '',
  'prefix' => 'think',
  'type' => '',
  'auto_start' => true,
)
[ info ] [ VIEW ] C:\wamp64\www\work\minshop\public/../application/index\view\login\login.html [ array (
) ]
[ info ] [ LOG ] INIT File
---------------------------------------------------------------
[ 2019-05-10T11:50:40+08:00 ] 0.0.0.0 POST localhost/work/minshop/public/index/login/ajaxlogin.html
[运行时间：0.011294s] [吞吐率：88.54req/s] [内存消耗：249.14kb] [文件加载：43]
[ info ] [ LANG ] C:\wamp64\www\work\minshop\thinkphp\lang\zh-cn.php
[ info ] [ ROUTE ] array (
  'type' => 'module',
  'module' => 
  array (
    0 => 'index',
    1 => 'login',
    2 => 'ajaxlogin',
  ),
)
[ info ] [ HEADER ] array (
  'host' => 'localhost',
  'connection' => 'keep-alive',
  'content-length' => '27',
  'accept' => 'application/json, text/javascript, */*; q=0.01',
  'origin' => 'http://localhost',
  'x-requested-with' => 'XMLHttpRequest',
  'user-agent' => 'Mozilla/5.0 (Windows NT 10.0; WOW64) AppleWebKit/537.36 (KHTML, like Gecko) Chrome/74.0.3729.131 Safari/537.36',
  'content-type' => 'application/x-www-form-urlencoded; charset=UTF-8',
  'referer' => 'http://localhost/work/minshop/public/index/login/login.html',
  'accept-encoding' => 'gzip, deflate, br',
  'accept-language' => 'zh-CN,zh;q=0.9',
  'cookie' => 'thinkphp_show_page_trace=0|0; thinkphp_show_page_trace=0|0; PHPSESSID=782ou76lc583j9euosm9glhqau',
)
[ info ] [ PARAM ] array (
  'username' => ' asdasd',
  'pwd' => 'asdasd',
)
[ info ] [ RUN ] app\index\controller\Login->ajaxLogin[ C:\wamp64\www\work\minshop\application\index\controller\Login.php ]
[ info ] [ LOG ] INIT File
---------------------------------------------------------------
[ 2019-05-10T11:50:44+08:00 ] 0.0.0.0 POST localhost/work/minshop/public/index/login/ajaxlogin.html
[运行时间：0.007998s] [吞吐率：125.03req/s] [内存消耗：249.14kb] [文件加载：43]
[ info ] [ LANG ] C:\wamp64\www\work\minshop\thinkphp\lang\zh-cn.php
[ info ] [ ROUTE ] array (
  'type' => 'module',
  'module' => 
  array (
    0 => 'index',
    1 => 'login',
    2 => 'ajaxlogin',
  ),
)
[ info ] [ HEADER ] array (
  'host' => 'localhost',
  'connection' => 'keep-alive',
  'content-length' => '27',
  'accept' => 'application/json, text/javascript, */*; q=0.01',
  'origin' => 'http://localhost',
  'x-requested-with' => 'XMLHttpRequest',
  'user-agent' => 'Mozilla/5.0 (Windows NT 10.0; WOW64) AppleWebKit/537.36 (KHTML, like Gecko) Chrome/74.0.3729.131 Safari/537.36',
  'content-type' => 'application/x-www-form-urlencoded; charset=UTF-8',
  'referer' => 'http://localhost/work/minshop/public/index/login/login.html',
  'accept-encoding' => 'gzip, deflate, br',
  'accept-language' => 'zh-CN,zh;q=0.9',
  'cookie' => 'thinkphp_show_page_trace=0|0; thinkphp_show_page_trace=0|0; PHPSESSID=782ou76lc583j9euosm9glhqau',
)
[ info ] [ PARAM ] array (
  'username' => ' asdasd',
  'pwd' => 'asdasd',
)
[ info ] [ RUN ] app\index\controller\Login->ajaxLogin[ C:\wamp64\www\work\minshop\application\index\controller\Login.php ]
[ info ] [ LOG ] INIT File
---------------------------------------------------------------
[ 2019-05-10T11:50:45+08:00 ] 0.0.0.0 POST localhost/work/minshop/public/index/login/ajaxlogin.html
[运行时间：0.005542s] [吞吐率：180.44req/s] [内存消耗：249.14kb] [文件加载：43]
[ info ] [ LANG ] C:\wamp64\www\work\minshop\thinkphp\lang\zh-cn.php
[ info ] [ ROUTE ] array (
  'type' => 'module',
  'module' => 
  array (
    0 => 'index',
    1 => 'login',
    2 => 'ajaxlogin',
  ),
)
[ info ] [ HEADER ] array (
  'host' => 'localhost',
  'connection' => 'keep-alive',
  'content-length' => '27',
  'accept' => 'application/json, text/javascript, */*; q=0.01',
  'origin' => 'http://localhost',
  'x-requested-with' => 'XMLHttpRequest',
  'user-agent' => 'Mozilla/5.0 (Windows NT 10.0; WOW64) AppleWebKit/537.36 (KHTML, like Gecko) Chrome/74.0.3729.131 Safari/537.36',
  'content-type' => 'application/x-www-form-urlencoded; charset=UTF-8',
  'referer' => 'http://localhost/work/minshop/public/index/login/login.html',
  'accept-encoding' => 'gzip, deflate, br',
  'accept-language' => 'zh-CN,zh;q=0.9',
  'cookie' => 'thinkphp_show_page_trace=0|0; thinkphp_show_page_trace=0|0; PHPSESSID=782ou76lc583j9euosm9glhqau',
)
[ info ] [ PARAM ] array (
  'username' => ' asdasd',
  'pwd' => 'asdasd',
)
[ info ] [ RUN ] app\index\controller\Login->ajaxLogin[ C:\wamp64\www\work\minshop\application\index\controller\Login.php ]
[ info ] [ LOG ] INIT File
---------------------------------------------------------------
[ 2019-05-10T11:50:51+08:00 ] 0.0.0.0 POST localhost/work/minshop/public/index/login/ajaxlogin.html
[运行时间：0.017910s] [吞吐率：55.83req/s] [内存消耗：459.34kb] [文件加载：51]
[ info ] [ LANG ] C:\wamp64\www\work\minshop\thinkphp\lang\zh-cn.php
[ info ] [ ROUTE ] array (
  'type' => 'module',
  'module' => 
  array (
    0 => 'index',
    1 => 'login',
    2 => 'ajaxlogin',
  ),
)
[ info ] [ HEADER ] array (
  'host' => 'localhost',
  'connection' => 'keep-alive',
  'content-length' => '26',
  'accept' => 'application/json, text/javascript, */*; q=0.01',
  'origin' => 'http://localhost',
  'x-requested-with' => 'XMLHttpRequest',
  'user-agent' => 'Mozilla/5.0 (Windows NT 10.0; WOW64) AppleWebKit/537.36 (KHTML, like Gecko) Chrome/74.0.3729.131 Safari/537.36',
  'content-type' => 'application/x-www-form-urlencoded; charset=UTF-8',
  'referer' => 'http://localhost/work/minshop/public/index/login/login.html',
  'accept-encoding' => 'gzip, deflate, br',
  'accept-language' => 'zh-CN,zh;q=0.9',
  'cookie' => 'thinkphp_show_page_trace=0|0; thinkphp_show_page_trace=0|0; PHPSESSID=782ou76lc583j9euosm9glhqau',
)
[ info ] [ PARAM ] array (
  'username' => 'asdasd',
  'pwd' => 'asdasd',
)
[ info ] [ RUN ] app\index\controller\Login->ajaxLogin[ C:\wamp64\www\work\minshop\application\index\controller\Login.php ]
[ info ] [ DB ] INIT mysql
[ info ] [ SESSION ] INIT array (
  'id' => '',
  'var_session_id' => '',
  'prefix' => 'think',
  'type' => '',
  'auto_start' => true,
)
[ info ] [ LOG ] INIT File
[ sql ] [ DB ] CONNECT:[ UseTime:0.001118s ] mysql:host=127.0.0.1;port=3306;dbname=minshop;charset=utf8
[ sql ] [ SQL ] SHOW COLUMNS FROM `sh_users` [ RunTime:0.001748s ]
[ sql ] [ SQL ] SELECT * FROM `sh_users` WHERE  `users_name` = 'asdasd' LIMIT 1 [ RunTime:0.000554s ]
---------------------------------------------------------------
[ 2019-05-10T11:50:51+08:00 ] 0.0.0.0 GET localhost/work/minshop/public/index/index/index.html
[运行时间：0.015104s] [吞吐率：66.21req/s] [内存消耗：283.48kb] [文件加载：46]
[ info ] [ LANG ] C:\wamp64\www\work\minshop\thinkphp\lang\zh-cn.php
[ info ] [ ROUTE ] array (
  'type' => 'module',
  'module' => 
  array (
    0 => 'index',
    1 => 'index',
    2 => 'index',
  ),
)
[ info ] [ HEADER ] array (
  'host' => 'localhost',
  'connection' => 'keep-alive',
  'upgrade-insecure-requests' => '1',
  'user-agent' => 'Mozilla/5.0 (Windows NT 10.0; WOW64) AppleWebKit/537.36 (KHTML, like Gecko) Chrome/74.0.3729.131 Safari/537.36',
  'accept' => 'text/html,application/xhtml+xml,application/xml;q=0.9,image/webp,image/apng,*/*;q=0.8,application/signed-exchange;v=b3',
  'referer' => 'http://localhost/work/minshop/public/index/login/login.html',
  'accept-encoding' => 'gzip, deflate, br',
  'accept-language' => 'zh-CN,zh;q=0.9',
  'cookie' => 'thinkphp_show_page_trace=0|1; thinkphp_show_page_trace=0|0; PHPSESSID=782ou76lc583j9euosm9glhqau',
)
[ info ] [ PARAM ] array (
)
[ info ] [ SESSION ] INIT array (
  'id' => '',
  'var_session_id' => '',
  'prefix' => 'think',
  'type' => '',
  'auto_start' => true,
)
[ info ] [ RUN ] app\index\controller\Index->index[ C:\wamp64\www\work\minshop\application\index\controller\Index.php ]
[ info ] [ VIEW ] C:\wamp64\www\work\minshop\public/../application/index\view\index\index.html [ array (
  0 => 'users_name',
) ]
[ info ] [ LOG ] INIT File
